<?xml version="1.0" encoding="UTF-8"?>
<testng-results skipped="0" failed="0" ignored="0" total="1" passed="1">
  <reporter-output>
  </reporter-output>
  <suite name="Default suite" duration-ms="96797" started-at="2018-06-09T11:31:42Z" finished-at="2018-06-09T11:33:19Z">
    <groups>
    </groups>
    <test name="Default test" duration-ms="96797" started-at="2018-06-09T11:31:42Z" finished-at="2018-06-09T11:33:19Z">
      <class name="example.trademeSellAndBuy.testcases.LoginAction">
        <test-method status="PASS" signature="startUp()[pri:0, instance:example.trademeSellAndBuy.testcases.LoginAction@2a742aa2]" name="startUp" is-config="true" duration-ms="40416" started-at="2018-06-09T11:31:42Z" finished-at="2018-06-09T11:32:23Z">
          <reporter-output>
          </reporter-output>
        </test-method> <!-- startUp -->
        <test-method status="PASS" signature="loginAsAdmin()[pri:0, instance:example.trademeSellAndBuy.testcases.LoginAction@2a742aa2]" name="loginAsAdmin" duration-ms="56315" started-at="2018-06-09T11:32:23Z" finished-at="2018-06-09T11:33:19Z">
          <reporter-output>
          </reporter-output>
        </test-method> <!-- loginAsAdmin -->
        <test-method status="PASS" signature="tearDown()[pri:0, instance:example.trademeSellAndBuy.testcases.LoginAction@2a742aa2]" name="tearDown" is-config="true" duration-ms="0" started-at="2018-06-09T11:33:19Z" finished-at="2018-06-09T11:33:19Z">
          <reporter-output>
          </reporter-output>
        </test-method> <!-- tearDown -->
      </class> <!-- example.trademeSellAndBuy.testcases.LoginAction -->
    </test> <!-- Default test -->
  </suite> <!-- Default suite -->
</testng-results>
